d:\dropbox\kcurves\kcurves\x64\release\kcurves.pch
d:\dropbox\kcurves\kcurves\x64\release\vc141.pdb
d:\dropbox\kcurves\kcurves\x64\release\stdafx.obj
d:\dropbox\kcurves\kcurves\x64\release\mainform.obj
d:\dropbox\kcurves\kcurves\x64\release\kcurveui.obj
d:\dropbox\kcurves\kcurves\x64\release\assemblyinfo.obj
d:\dropbox\kcurves\kcurves\x64\release\.netframework,version=v4.6.1.assemblyattributes.obj
d:\dropbox\kcurves\kcurves\x64\release\.netframework,version=v4.6.1.assemblyattributes.asm
d:\dropbox\kcurves\kcurves\x64\release\kcurvesmain.obj
d:\dropbox\kcurves\kcurves\x64\release\kcurves.mainform.resources
d:\dropbox\kcurves\x64\release\kcurves.exe
d:\dropbox\kcurves\x64\release\kcurves.pdb
d:\dropbox\kcurves\kcurves\x64\release\app.res
d:\dropbox\kcurves\kcurves\x64\release\kcurves.vcxproj.generateresource.cache
d:\dropbox\kcurves\kcurves\x64\release\kcurves.vcxprojresolveassemblyreference.cache
d:\dropbox\kcurves\kcurves\x64\release\kcurves.tlog\cl.command.1.tlog
d:\dropbox\kcurves\kcurves\x64\release\kcurves.tlog\cl.read.1.tlog
d:\dropbox\kcurves\kcurves\x64\release\kcurves.tlog\cl.write.1.tlog
d:\dropbox\kcurves\kcurves\x64\release\kcurves.tlog\kcurves.write.1u.tlog
d:\dropbox\kcurves\kcurves\x64\release\kcurves.tlog\link.command.1.tlog
d:\dropbox\kcurves\kcurves\x64\release\kcurves.tlog\link.read.1.tlog
d:\dropbox\kcurves\kcurves\x64\release\kcurves.tlog\link.write.1.tlog
d:\dropbox\kcurves\kcurves\x64\release\kcurves.tlog\metagen.read.1.tlog
d:\dropbox\kcurves\kcurves\x64\release\kcurves.tlog\metagen.write.1.tlog
d:\dropbox\kcurves\kcurves\x64\release\kcurves.tlog\rc.command.1.tlog
d:\dropbox\kcurves\kcurves\x64\release\kcurves.tlog\rc.read.1.tlog
d:\dropbox\kcurves\kcurves\x64\release\kcurves.tlog\rc.write.1.tlog
d:\dropbox\kcurves\kcurves\x64\release\kcurves.tlog\rsaenh.dll.bi
d:\dropbox\kcurves\kcurves\x64\release\kcurves.tlog\tzres.dll.bi
